<?xml version="1.0" encoding="UTF-8"?>
<testsuite xmlns:xsi="http://www.w3.org/2001/XMLSchema-instance" xsi:noNamespaceSchemaLocation="https://maven.apache.org/surefire/maven-surefire-plugin/xsd/surefire-test-report-3.0.xsd" version="3.0" name="TestSuite" time="64.126" tests="7" errors="0" skipped="0" failures="0">
  <properties>
[...]
</properties>
  <testcase name="verifyDisplayedProducts[Bags, $15.00 - $18.00](1)" classname="test.SpreeTest" time="12.687">
    <system-out><![CDATA[22
22
22
21
21
inside add to cart
21
20
20
[15.99, 15.99]
]]></system-out>
    <system-err><![CDATA[Starting ChromeDriver 88.0.4324.96 (68dba2d8a0b149a1d3afac56fa74648032bcf46b-refs/branch-heads/4324@{#1784}) on port 29051
Only local connections are allowed.
Please see https://chromedriver.chromium.org/security-considerations for suggestions on keeping ChromeDriver safe.
ChromeDriver was started successfully.
[1615716934.920][WARNING]: This version of ChromeDriver has not been tested with Chrome version 89.
Mar 14, 2021 3:45:35 PM org.openqa.selenium.remote.ProtocolHandshake createSession
INFO: Detected dialect: W3C
Starting ChromeDriver 88.0.4324.96 (68dba2d8a0b149a1d3afac56fa74648032bcf46b-refs/branch-heads/4324@{#1784}) on port 43273
Only local connections are allowed.
Please see https://chromedriver.chromium.org/security-considerations for suggestions on keeping ChromeDriver safe.
ChromeDriver was started successfully.
[1615716935.834][WARNING]: This version of ChromeDriver has not been tested with Chrome version 89.
Mar 14, 2021 3:45:35 PM org.openqa.selenium.remote.ProtocolHandshake createSession
INFO: Detected dialect: W3C
Starting ChromeDriver 88.0.4324.96 (68dba2d8a0b149a1d3afac56fa74648032bcf46b-refs/branch-heads/4324@{#1784}) on port 15282
Only local connections are allowed.
Please see https://chromedriver.chromium.org/security-considerations for suggestions on keeping ChromeDriver safe.
ChromeDriver was started successfully.
[1615716936.652][WARNING]: This version of ChromeDriver has not been tested with Chrome version 89.
Mar 14, 2021 3:45:36 PM org.openqa.selenium.remote.ProtocolHandshake createSession
INFO: Detected dialect: W3C
]]></system-err>
  </testcase>
  <testcase name="validateOrderAmount" classname="test.SpreeTest" time="13.89"/>
  <testcase name="verifySearch[Ruby](1)" classname="test.SpreeTest" time="18.663">
    <system-out><![CDATA[20
]]></system-out>
  </testcase>
  <testcase name="verifyCartIsEmpty" classname="test.SpreeTest" time="5.863">
    <system-out><![CDATA[22
22
22
21
21
inside add to cart
21
20
20
]]></system-out>
    <system-err><![CDATA[Starting ChromeDriver 88.0.4324.96 (68dba2d8a0b149a1d3afac56fa74648032bcf46b-refs/branch-heads/4324@{#1784}) on port 16491
Only local connections are allowed.
Please see https://chromedriver.chromium.org/security-considerations for suggestions on keeping ChromeDriver safe.
ChromeDriver was started successfully.
[1615716961.939][WARNING]: This version of ChromeDriver has not been tested with Chrome version 89.
Mar 14, 2021 3:46:02 PM org.openqa.selenium.remote.ProtocolHandshake createSession
INFO: Detected dialect: W3C
Starting ChromeDriver 88.0.4324.96 (68dba2d8a0b149a1d3afac56fa74648032bcf46b-refs/branch-heads/4324@{#1784}) on port 16150
Only local connections are allowed.
Please see https://chromedriver.chromium.org/security-considerations for suggestions on keeping ChromeDriver safe.
ChromeDriver was started successfully.
[1615716962.718][WARNING]: This version of ChromeDriver has not been tested with Chrome version 89.
Mar 14, 2021 3:46:02 PM org.openqa.selenium.remote.ProtocolHandshake createSession
INFO: Detected dialect: W3C
Starting ChromeDriver 88.0.4324.96 (68dba2d8a0b149a1d3afac56fa74648032bcf46b-refs/branch-heads/4324@{#1784}) on port 20748
Only local connections are allowed.
Please see https://chromedriver.chromium.org/security-considerations for suggestions on keeping ChromeDriver safe.
ChromeDriver was started successfully.
[1615716968.552][WARNING]: This version of ChromeDriver has not been tested with Chrome version 89.
Mar 14, 2021 3:46:08 PM org.openqa.selenium.remote.ProtocolHandshake createSession
INFO: Detected dialect: W3C
]]></system-err>
  </testcase>
  <testcase name="verifyDisplayedProducts[Mugs, $10.00 - $15.00](2)" classname="test.SpreeTest" time="8.117">
    <system-out><![CDATA[[13.99, 13.99]
]]></system-out>
  </testcase>
  <testcase name="verifySearch[Apache](2)" classname="test.SpreeTest" time="12.022">
    <system-out><![CDATA[20
]]></system-out>
  </testcase>
  <testcase name="verifyDisplayedProducts[Bags, $20.00 or over](3)" classname="test.SpreeTest" time="6.621">
    <system-out><![CDATA[21
21
21
]]></system-out>
    <system-err><![CDATA[Starting ChromeDriver 88.0.4324.96 (68dba2d8a0b149a1d3afac56fa74648032bcf46b-refs/branch-heads/4324@{#1784}) on port 22240
Only local connections are allowed.
Please see https://chromedriver.chromium.org/security-considerations for suggestions on keeping ChromeDriver safe.
ChromeDriver was started successfully.
[1615716983.659][WARNING]: This version of ChromeDriver has not been tested with Chrome version 89.
Mar 14, 2021 3:46:23 PM org.openqa.selenium.remote.ProtocolHandshake createSession
INFO: Detected dialect: W3C
]]></system-err>
  </testcase>
</testsuite>