<?xml version="1.0" encoding="UTF-8"?>
<!-- Generated by org.testng.reporters.JUnitXMLReporter -->
<testsuite ignored="0" hostname="Saranyas-MacBook-Pro.local" failures="0" tests="7" name="SpreeTest" time="58.51" errors="0" timestamp="2021-03-14T15:46:37 IST">
  <testcase classname="test.SpreeTest" name="verifyDisplayedProducts" time="13.531"/>
  <testcase classname="test.SpreeTest" name="validateOrderAmount" time="13.899"/>
  <testcase classname="test.SpreeTest" name="verifySearch" time="20.332"/>
  <testcase classname="test.SpreeTest" name="verifyCartIsEmpty" time="12.441"/>
  <testcase classname="test.SpreeTest" name="verifyDisplayedProducts" time="13.945"/>
  <testcase classname="test.SpreeTest" name="verifySearch" time="12.026"/>
  <testcase classname="test.SpreeTest" name="verifyDisplayedProducts" time="6.624"/>
</testsuite> <!-- SpreeTest -->
